app/build/outputs/mapping/release/seeds.txt
com.groovytech.android.handcricket2.MatchActivity
com.groovytech.android.handcricket2.MatchActivity: MatchActivity()
com.groovytech.android.handcricket2.MainActivity: void bat(android.view.View)
com.groovytech.android.handcricket2.MainActivity
com.groovytech.android.handcricket2.MainActivity: MainActivity()
com.groovytech.android.handcricket2.MainActivity: void wickets(android.view.View)
com.groovytech.android.handcricket2.MainActivity: void ball(android.view.View)
com.groovytech.android.handcricket2.MatchActivity: void restart(android.view.View)
com.groovytech.android.handcricket2.MainActivity: void toss(android.view.View)
...
com.google.android.gms.internal.ads.zzcf$zza: long zzgm
androidx.appcompat.R$attr: int actionModeCutDrawable
com.google.android.gms.ads.mediation.customevent.CustomEventInterstitial
com.google.android.gms.ads.mediation.customevent.CustomEventAdapter: android.view.View getBannerView()
com.google.android.gms.internal.ads.zzegb: com.google.android.gms.internal.ads.zzejc zzieg
com.google.android.gms.internal.ads.zzvh: android.os.Parcelable$Creator CREATOR
androidx.appcompat.R$styleable: int[] StateListDrawable
com.google.android.gms.internal.ads.zzdqm
androidx.appcompat.R$styleable: int AppCompatTextView_autoSizeTextType
androidx.appcompat.R$id: int accessibility_custom_action_31
androidx.appcompat.widget.DropDownListView: void setListSelectionHidden(boolean)
com.google.android.gms.internal.ads.zzty$zzb$zze: boolean zzbzg
com.google.android.gms.internal.ads.zzty$zzc: com.google.android.gms.internal.ads.zzty$zzr zzbzw
androidx.core.app.RemoteActionCompatParcelizer: RemoteActionCompatParcelizer()
com.google.android.gms.internal.ads.zzty$zze: int zzcaf
androidx.appcompat.widget.Toolbar: int getTitleMarginTop()
androidx.appcompat.R$attr: int textAppearanceLargePopupMenu
androidx.appcompat.R$color: int bright_foreground_inverse_material_dark
androidx.appcompat.R$color: int button_material_light
com.google.android.gms.internal.ads.zzty$zzq: com.google.android.gms.internal.ads.zzehy zzel
androidx.appcompat.R$styleable: int TextAppearance_android_fontFamily
androidx.appcompat.widget.AppCompatAutoCompleteTextView
androidx.appcompat.R$styleable: int LinearLayoutCompat_android_gravity
androidx.appcompat.R$styleable: int GradientColor_android_startColor
androidx.appcompat.R$style: int Base_V21_Theme_AppCompat_Dialog
androidx.appcompat.R$styleable: int ActionBar_hideOnContentScroll
androidx.appcompat.R$styleable: int SwitchCompat_track
com.google.android.gms.internal.ads.zzty$zzad: com.google.android.gms.internal.ads.zzty$zzad zzcgh
androidx.appcompat.R$styleable: int Toolbar_contentInsetStartWithNavigation
androidx.appcompat.R$id: int off
com.google.android.gms.internal.ads.zzcf$zzf: int zzhw
com.google.android.gms.ads.doubleclick.PublisherAdView: void setOnCustomRenderedAdLoadedListener(com.google.android.gms.ads.doubleclick.OnCustomRenderedAdLoadedListener)
com.google.android.gms.internal.ads.zzart: android.os.Parcelable$Creator CREATOR
androidx.appcompat.R$attr: int buttonIconDimen
androidx.core.app.RemoteActionCompatParcelizer
androidx.appcompat.R$color: int secondary_text_disabled_material_light
com.google.android.gms.internal.ads.zzty$zzl
com.google.android.gms.internal.ads.zzejv$zzb: com.google.android.gms.internal.ads.zzejv$zzb$zzf zzime
androidx.constraintlayout.widget.R$styleable: int ConstraintSet_android_transformPivotY
androidx.appcompat.R$attr: int lastBaselineToBottomHeight
androidx.appcompat.R$style: int Base_V22_Theme_AppCompat
androidx.constraintlayout.widget.R$styleable: int ConstraintLayout_Layout_layout_constraintCircleAngle
com.google.android.gms.internal.ads.zzty$zzl: com.google.android.gms.internal.ads.zzty$zzt zzccc
com.google.android.gms.internal.ads.zzty$zzad: com.google.android.gms.internal.ads.zzty$zzx zzcfp
androidx.appcompat.R$styleable: int CompoundButton_buttonCompat
androidx.appcompat.R$styleable: int TextAppearance_android_textStyle
com.google.android.gms.internal.ads.zzty$zzm$zzc: com.google.android.gms.internal.ads.zzty$zzm$zzc[] values()
com.google.android.gms.internal.ads.zzty$zzi: com.google.android.gms.internal.ads.zzegj zzcbq
androidx.appcompat.R$layout: int abc_list_menu_item_layout
androidx.appcompat.R$style: int Base_ThemeOverlay_AppCompat
androidx.appcompat.widget.AppCompatCheckBox: void setBackgroundDrawable(android.graphics.drawable.Drawable)
com.google.android.gms.internal.ads.zzty$zzb$zze: int zzbze
androidx.appcompat.widget.SearchView$SearchAutoComplete: SearchView$SearchAutoComplete(android.content.Context,android.util.AttributeSet)
androidx.appcompat.R$attr: int actionProviderClass