app/build/outputs/mapping/release/usage.txt
com.groovytech.android.handcricket2.R
com.groovytech.android.handcricket2.R$styleable
com.groovytech.android.handcricket2.R$id
com.groovytech.android.handcricket2.BuildConfig
com.groovytech.android.handcricket2.R$integer
com.groovytech.android.handcricket2.R$string
com.groovytech.android.handcricket2.R$drawable
com.groovytech.android.handcricket2.R$anim
com.groovytech.android.handcricket2.R$layout
com.groovytech.android.handcricket2.R$style
com.groovytech.android.handcricket2.R$color
com.groovytech.android.handcricket2.R$interpolator
com.groovytech.android.handcricket2.R$dimen
com.groovytech.android.handcricket2.R$bool
com.groovytech.android.handcricket2.R$mipmap
com.groovytech.android.handcricket2.R$attr
com.groovytech.android.handcricket2.MatchActivity:
    public int getRun()
    public int computerScore
...
androidx.annotation.WorkerThread
com.google.android.gms.internal.ads.zzadr:
    public static com.google.android.gms.internal.ads.zzado zzn(android.os.IBinder)
androidx.lifecycle.ViewModelProvider$AndroidViewModelFactory
androidx.appcompat.widget.AppCompatCheckBox:
    public void <init>(android.content.Context)
com.google.android.gms.ads.rewardedinterstitial.RewardedInterstitialAdLoadCallback
androidx.core.app.ServiceCompat$StopForegroundFlags
com.google.android.gms.internal.measurement.zzio
androidx.core.net.ConnectivityManagerCompat
androidx.browser.browseractions.BrowserActionsFallbackMenuAdapter$ViewHolderItem
androidx.customview.R$styleable
androidx.core.app.JobIntentService$JobServiceEngineImpl$WrapperWorkItem
androidx.core.app.NotificationCompatSideChannelService$NotificationSideChannelStub
com.google.android.gms.ads.mediation.rtb.SignalCallbacks:
    public abstract void onSuccess(java.lang.String)
    public abstract void onFailure(java.lang.String)
com.google.android.gms.internal.ads.zzya:
    public void <init>()
    protected final boolean zza(int,android.os.Parcel,android.os.Parcel,int)
com.google.android.gms.ads.rewarded.ServerSideVerificationOptions$Builder
androidx.browser.customtabs.CustomTabsClient$2$5
androidx.gridlayout.widget.GridLayout$7$1
androidx.gridlayout.widget.GridLayout$MutableInt
androidx.appcompat.widget.LinearLayoutCompat$OrientationMode
com.google.android.gms.ads.mediation.MediationConfiguration:
    public com.google.android.gms.ads.AdFormat getFormat()
    public android.os.Bundle getServerParameters()
com.google.android.gms.internal.ads.zzano:
    public final void onVideoEnd(com.google.android.gms.ads.mediation.MediationNativeAdapter)
androidx.viewpager.widget.PagerTabStrip$2
androidx.appcompat.widget.ActionMenuPresenter:
    public void setWidthLimit(int,boolean)
    public void setItemLimit(int)
    public boolean isOverflowReserved()
    public android.os.Parcelable onSaveInstanceState()
    public void onRestoreInstanceState(android.os.Parcelable)
    public void onSubUiVisibilityChanged(boolean)
    private static final java.lang.String TAG
androidx.constraintlayout.solver.Metrics:
    public void <init>()
    public java.lang.String toString()
    public void reset()
    public long variables
    public long oldresolvedWidgets
    public java.util.ArrayList problematicLayouts
com.google.android.gms.common.internal.zzj:
    public static com.google.android.gms.common.internal.zzi zzb(android.os.IBinder)
com.google.android.gms.internal.measurement.zzgz
com.google.android.gms.internal.ads.zzr:
    public void <init>()
com.google.android.gms.internal.measurement.zzhl
com.google.android.gms.measurement.internal.zzgo
androidx.legacy.coreutils.R$color
com.google.android.gms.internal.measurement.zzfd$zza
androidx.core.app.ActivityCompat$1